2022-05-26 19:58:35,912 INFO o.a.j.u.JMeterUtils: Setting Locale to en_EN
2022-05-26 19:58:35,921 INFO o.a.j.JMeter: Loading user properties from: /opt/apache-jmeter-5.4.3/bin/user.properties
2022-05-26 19:58:35,921 INFO o.a.j.JMeter: Loading system properties from: /opt/apache-jmeter-5.4.3/bin/system.properties
2022-05-26 19:58:35,925 INFO o.a.j.JMeter: Copyright (c) 1998-2021 The Apache Software Foundation
2022-05-26 19:58:35,926 INFO o.a.j.JMeter: Version 5.4.3
2022-05-26 19:58:35,926 INFO o.a.j.JMeter: java.version=1.8.0_312
2022-05-26 19:58:35,926 INFO o.a.j.JMeter: java.vm.name=OpenJDK 64-Bit Server VM
2022-05-26 19:58:35,926 INFO o.a.j.JMeter: os.name=Linux
2022-05-26 19:58:35,926 INFO o.a.j.JMeter: os.arch=amd64
2022-05-26 19:58:35,926 INFO o.a.j.JMeter: os.version=5.18.0-gentoo
2022-05-26 19:58:35,926 INFO o.a.j.JMeter: file.encoding=UTF-8
2022-05-26 19:58:35,926 INFO o.a.j.JMeter: java.awt.headless=null
2022-05-26 19:58:35,926 INFO o.a.j.JMeter: Max memory     =1073741824
2022-05-26 19:58:35,926 INFO o.a.j.JMeter: Available Processors =16
2022-05-26 19:58:35,930 INFO o.a.j.JMeter: Default Locale=English (EN)
2022-05-26 19:58:35,930 INFO o.a.j.JMeter: JMeter  Locale=English (EN)
2022-05-26 19:58:35,930 INFO o.a.j.JMeter: JMeterHome=/opt/apache-jmeter-5.4.3
2022-05-26 19:58:35,930 INFO o.a.j.JMeter: user.dir  =/mnt/data/git/functional-tests
2022-05-26 19:58:35,930 INFO o.a.j.JMeter: PWD       =/mnt/data/git/functional-tests
2022-05-26 19:58:35,930 INFO o.a.j.JMeter: IP: 192.168.100.20 Name: main FullName: main
2022-05-26 19:58:36,007 INFO o.a.j.JMeter: Setting LAF to: laf:javax.swing.plaf.nimbus.NimbusLookAndFeel
2022-05-26 19:58:36,098 INFO o.a.j.JMeter: Loaded icon properties from org/apache/jmeter/images/icon.properties
2022-05-26 19:58:36,988 INFO o.j.r.JARSourceHTTP: Found cached repo
2022-05-26 19:58:37,114 INFO o.j.r.PluginManager: Plugins Status: [jpgc-graphs-basic=2.0, jpgc-perfmon=2.1, jpgc-plugins-manager=1.7, jmeter-core=5.4.3, jmeter-ftp=5.4.3, jmeter-http=5.4.3, jmeter-jdbc=5.4.3, jmeter-jms=5.4.3, jmeter-junit=5.4.3, jmeter-java=5.4.3, jmeter-ldap=5.4.3, jmeter-mail=5.4.3, jmeter-mongodb=5.4.3, jmeter-native=5.4.3, jmeter-tcp=5.4.3, jmeter-components=5.4.3]
2022-05-26 19:58:37,124 INFO o.a.j.JMeter: Loading file: resources/jmx/liveness_n.jmx
2022-05-26 19:58:37,125 INFO o.a.j.s.FileServer: Default base='/mnt/data/git/functional-tests'
2022-05-26 19:58:37,126 INFO o.a.j.s.FileServer: Set new base='/mnt/data/git/functional-tests/resources/jmx'
2022-05-26 19:58:37,221 INFO o.a.j.s.SaveService: Testplan (JMX) version: 2.2. Testlog (JTL) version: 2.2
2022-05-26 19:58:37,230 INFO o.a.j.s.SaveService: Using SaveService properties file encoding UTF-8
2022-05-26 19:58:37,231 INFO o.a.j.s.SaveService: Using SaveService properties version 5.0
2022-05-26 19:58:37,234 INFO o.a.j.s.SaveService: Loading file: resources/jmx/liveness_n.jmx
2022-05-26 19:58:37,314 INFO o.a.j.p.h.s.HTTPSamplerBase: Parser for text/html is org.apache.jmeter.protocol.http.parser.LagartoBasedHtmlParser
2022-05-26 19:58:37,315 INFO o.a.j.p.h.s.HTTPSamplerBase: Parser for application/xhtml+xml is org.apache.jmeter.protocol.http.parser.LagartoBasedHtmlParser
2022-05-26 19:58:37,315 INFO o.a.j.p.h.s.HTTPSamplerBase: Parser for application/xml is org.apache.jmeter.protocol.http.parser.LagartoBasedHtmlParser
2022-05-26 19:58:37,315 INFO o.a.j.p.h.s.HTTPSamplerBase: Parser for text/xml is org.apache.jmeter.protocol.http.parser.LagartoBasedHtmlParser
2022-05-26 19:58:37,315 INFO o.a.j.p.h.s.HTTPSamplerBase: Parser for text/vnd.wap.wml is org.apache.jmeter.protocol.http.parser.RegexpHTMLParser
2022-05-26 19:58:37,315 INFO o.a.j.p.h.s.HTTPSamplerBase: Parser for text/css is org.apache.jmeter.protocol.http.parser.CssParser
2022-05-26 19:58:37,355 INFO o.a.j.s.FileServer: Set new base='/mnt/data/git/functional-tests/resources/jmx'
2022-05-26 19:58:37,500 INFO o.a.j.s.SampleResult: Note: Sample TimeStamps are START times
2022-05-26 19:58:37,500 INFO o.a.j.s.SampleResult: sampleresult.default.encoding is set to ISO-8859-1
2022-05-26 19:58:37,500 INFO o.a.j.s.SampleResult: sampleresult.useNanoTime=true
2022-05-26 19:58:37,500 INFO o.a.j.s.SampleResult: sampleresult.nanoThreadSleep=5000
2022-05-26 19:58:37,609 INFO o.a.j.v.ViewResultsFullVisualizer: Add JavaFX to your Java installation if you want to use renderer: org.apache.jmeter.visualizers.RenderInBrowser
